#
# There is insufficient memory for the Java Runtime Environment to continue.
# Native memory allocation (mmap) failed to map 264241152 bytes. Error detail: G1 virtual space
# Possible reasons:
#   The system is out of physical RAM or swap space
#   This process is running with CompressedOops enabled, and the Java Heap may be blocking the growth of the native heap
# Possible solutions:
#   Reduce memory load on the system
#   Increase physical memory or swap space
#   Check if swap backing store is full
#   Decrease Java heap size (-Xmx/-Xms)
#   Decrease number of Java threads
#   Decrease Java thread stack sizes (-Xss)
#   Set larger code cache with -XX:ReservedCodeCacheSize=
#   JVM is running with Zero Based Compressed Oops mode in which the Java heap is
#     placed in the first 32GB address space. The Java Heap base address is the
#     maximum limit for the native heap growth. Please use -XX:HeapBaseMinAddress
#     to set the Java Heap base and to place the Java Heap above 32GB virtual address.
# This output file may be truncated or incomplete.
#
#  Out of Memory Error (os_windows.cpp:3898), pid=36800, tid=26880
#
# JRE version:  (21.0.7+9) (build )
# Java VM: OpenJDK 64-Bit Server VM (21.0.7+9-b895.130, mixed mode, sharing, tiered, compressed oops, compressed class ptrs, g1 gc, windows-amd64)
# No core dump will be written. Minidumps are not enabled by default on client versions of Windows
#

---------------  S U M M A R Y ------------

Command Line: git4idea.http.GitAskPassApp Username for 'https://github.com': 

Host: 12th Gen Intel(R) Core(TM) i7-12700H, 20 cores, 15G,  Windows 11 , 64 bit Build 26100 (10.0.26100.8521)
Time: Sat Jul 11 17:13:59 2026 Pacific Daylight Time elapsed time: 0.010375 seconds (0d 0h 0m 0s)

---------------  T H R E A D  ---------------

Current thread (0x000001d4eda5f940):  JavaThread "Unknown thread" [_thread_in_vm, id=26880, stack(0x0000002f34c00000,0x0000002f34d00000) (1024K)]

Stack: [0x0000002f34c00000,0x0000002f34d00000]
Native frames: (J=compiled Java code, j=interpreted, Vv=VM code, C=native code)
V  [jvm.dll+0x6e6049]
V  [jvm.dll+0x8c4343]
V  [jvm.dll+0x8c689e]
V  [jvm.dll+0x8c6f83]
V  [jvm.dll+0x289266]
V  [jvm.dll+0x6e28c5]
V  [jvm.dll+0x6d634a]
V  [jvm.dll+0x36388b]
V  [jvm.dll+0x36b456]
V  [jvm.dll+0x3bd7e6]
V  [jvm.dll+0x3bdab8]
V  [jvm.dll+0x335fdc]
V  [jvm.dll+0x336ccb]
V  [jvm.dll+0x88b7a9]
V  [jvm.dll+0x3ca9b8]
V  [jvm.dll+0x8747f8]
V  [jvm.dll+0x45f3ce]
V  [jvm.dll+0x4610b1]
C  [jli.dll+0x52ab]
C  [ucrtbase.dll+0x2cd30]
C  [KERNEL32.DLL+0x2e957]
C  [ntdll.dll+0x87c1c]


---------------  P R O C E S S  ---------------

Threads class SMR info:
_java_thread_list=0x00007ff969e7b148, length=0, elements={
}

Java Threads: ( => current thread )
Total: 0

Other Threads:
  0x000001d4edac28d0 WorkerThread "GC Thread#0"                     [id=20592, stack(0x0000002f34d00000,0x0000002f34e00000) (1024K)]
  0x000001d4edad4210 ConcurrentGCThread "G1 Main Marker"            [id=38776, stack(0x0000002f34e00000,0x0000002f34f00000) (1024K)]
  0x000001d4edad4d10 WorkerThread "G1 Conc#0"                       [id=14212, stack(0x0000002f34f00000,0x0000002f35000000) (1024K)]

[error occurred during error reporting (printing all threads), id 0xc0000005, EXCEPTION_ACCESS_VIOLATION (0xc0000005) at pc=0x00007ff9695690b7]
VM state: not at safepoint (not fully initialized)

VM Mutex/Monitor currently owned by a thread:  ([mutex/lock_event])
[0x00007ff969eefab8] Heap_lock - owner thread: 0x000001d4eda5f940

Heap address: 0x0000000705200000, size: 4014 MB, Compressed Oops mode: Zero based, Oop shift amount: 3

CDS archive(s) mapped at: [0x0000000000000000-0x0000000000000000-0x0000000000000000), size 0, SharedBaseAddress: 0x0000000800000000, ArchiveRelocationMode: 1.
Narrow klass base: 0x0000000000000000, Narrow klass shift: 0, Narrow klass range: 0x0

GC Precious Log:
 CardTable entry size: 512
 Card Set container configuration: InlinePtr #cards 4 size 8 Array Of Cards #cards 16 size 48 Howl #buckets 8 coarsen threshold 3686 Howl Bitmap #cards 512 size 80 coarsen threshold 460 Card regions per heap region 1 cards per card region 4096

Heap:
 garbage-first heap   total 0K, used 0K [0x0000000705200000, 0x0000000800000000)
  region size 2048K, 0 young (0K), 0 survivors (0K)
 Metaspace       used 0K, committed 0K, reserved 0K
  class space    used 0K, committed 0K, reserved 0K

Heap Regions: E=young(eden), S=young(survivor), O=old, HS=humongous(starts), HC=humongous(continues), CS=collection set, F=free, TAMS=top-at-mark-start, PB=parsable bottom

Card table byte_map: [0x000001d4f2d30000,0x000001d4f3510000] _byte_map_base: 0x000001d4ef507000

Marking Bits: (CMBitMap*) 0x000001d4edac2fe0
 Bits: [0x000001d4f3510000, 0x000001d4f73c8000)

GC Heap History (0 events):
No events

Dll operation events (1 events):
Event: 0.006 Loaded shared library C:\Program Files\JetBrains\WebStorm 2025.1.4.1\jbr\bin\java.dll

Deoptimization events (0 events):
No events

Classes loaded (0 events):
No events

Classes unloaded (0 events):
No events

Classes redefined (0 events):
No events

Internal exceptions (0 events):
No events

ZGC Phase Switch (0 events):
No events

VM Operations (0 events):
No events

Memory protections (0 events):
No events

Nmethod flushes (0 events):
No events

Events (0 events):
No events


Dynamic libraries:
0x00007ff6b4810000 - 0x00007ff6b481a000 	C:\Program Files\JetBrains\WebStorm 2025.1.4.1\jbr\bin\java.exe
0x00007ffa826a0000 - 0x00007ffa82906000 	C:\WINDOWS\SYSTEM32\ntdll.dll
0x00007ffa819e0000 - 0x00007ffa81aa9000 	C:\WINDOWS\System32\KERNEL32.DLL
0x00007ffa7fa90000 - 0x00007ffa7fe8a000 	C:\WINDOWS\System32\KERNELBASE.dll
0x00007ffa80200000 - 0x00007ffa8034c000 	C:\WINDOWS\System32\ucrtbase.dll
0x00007ffa563c0000 - 0x00007ffa563db000 	C:\Program Files\JetBrains\WebStorm 2025.1.4.1\jbr\bin\VCRUNTIME140.dll
0x00007ffa2dd60000 - 0x00007ffa2dd78000 	C:\Program Files\JetBrains\WebStorm 2025.1.4.1\jbr\bin\jli.dll
0x00007ffa81ec0000 - 0x00007ffa82087000 	C:\WINDOWS\System32\USER32.dll
0x00007ffa7f930000 - 0x00007ffa7f957000 	C:\WINDOWS\System32\win32u.dll
0x00007ffa658f0000 - 0x00007ffa65b82000 	C:\WINDOWS\WinSxS\amd64_microsoft.windows.common-controls_6595b64144ccf1df_6.0.26100.8521_none_3e08b75ce33403b3\COMCTL32.dll
0x00007ffa825f0000 - 0x00007ffa8261b000 	C:\WINDOWS\System32\GDI32.dll
0x00007ffa81b30000 - 0x00007ffa81bd9000 	C:\WINDOWS\System32\msvcrt.dll
0x00007ffa7f960000 - 0x00007ffa7fa8b000 	C:\WINDOWS\System32\gdi32full.dll
0x00007ffa800c0000 - 0x00007ffa80163000 	C:\WINDOWS\System32\msvcp_win.dll
0x00007ffa82620000 - 0x00007ffa82652000 	C:\WINDOWS\System32\IMM32.DLL
0x00007ffa7bf60000 - 0x00007ffa7bf6c000 	C:\Program Files\JetBrains\WebStorm 2025.1.4.1\jbr\bin\vcruntime140_1.dll
0x00007ff9eb9c0000 - 0x00007ff9eba4d000 	C:\Program Files\JetBrains\WebStorm 2025.1.4.1\jbr\bin\msvcp140.dll
0x00007ff969220000 - 0x00007ff969fe1000 	C:\Program Files\JetBrains\WebStorm 2025.1.4.1\jbr\bin\server\jvm.dll
0x00007ffa804f0000 - 0x00007ffa805a6000 	C:\WINDOWS\System32\ADVAPI32.dll
0x00007ffa80440000 - 0x00007ffa804ea000 	C:\WINDOWS\System32\sechost.dll
0x00007ffa81be0000 - 0x00007ffa81cf8000 	C:\WINDOWS\System32\RPCRT4.dll
0x00007ffa80650000 - 0x00007ffa806d0000 	C:\WINDOWS\System32\WS2_32.dll
0x00007ffa7f790000 - 0x00007ffa7f7ee000 	C:\WINDOWS\SYSTEM32\POWRPROF.dll
0x00007ffa755d0000 - 0x00007ffa75606000 	C:\WINDOWS\SYSTEM32\WINMM.dll
0x00007ffa6c5a0000 - 0x00007ffa6c5ab000 	C:\WINDOWS\SYSTEM32\VERSION.dll
0x00007ffa7f770000 - 0x00007ffa7f784000 	C:\WINDOWS\SYSTEM32\UMPDC.dll
0x00007ffa7e6c0000 - 0x00007ffa7e6db000 	C:\WINDOWS\SYSTEM32\kernel.appcore.dll
0x00007ffa6b6a0000 - 0x00007ffa6b6aa000 	C:\Program Files\JetBrains\WebStorm 2025.1.4.1\jbr\bin\jimage.dll
0x00007ffa7cf50000 - 0x00007ffa7d192000 	C:\WINDOWS\SYSTEM32\DBGHELP.DLL
0x00007ffa806e0000 - 0x00007ffa80a63000 	C:\WINDOWS\System32\combase.dll
0x00007ffa81d00000 - 0x00007ffa81dd9000 	C:\WINDOWS\System32\OLEAUT32.dll
0x00007ffa47690000 - 0x00007ffa476cb000 	C:\WINDOWS\SYSTEM32\dbgcore.DLL
0x00007ffa7fe90000 - 0x00007ffa7ff38000 	C:\WINDOWS\System32\bcryptPrimitives.dll
0x00007ffa54d50000 - 0x00007ffa54d70000 	C:\Program Files\JetBrains\WebStorm 2025.1.4.1\jbr\bin\java.dll

dbghelp: loaded successfully - version: 4.0.5 - missing functions: none
symbol engine: initialized successfully - sym options: 0x614 - pdb path: .;C:\Program Files\JetBrains\WebStorm 2025.1.4.1\jbr\bin;C:\WINDOWS\SYSTEM32;C:\WINDOWS\WinSxS\amd64_microsoft.windows.common-controls_6595b64144ccf1df_6.0.26100.8521_none_3e08b75ce33403b3;C:\Program Files\JetBrains\WebStorm 2025.1.4.1\jbr\bin\server

VM Arguments:
java_command: git4idea.http.GitAskPassApp Username for 'https://github.com': 
java_class_path (initial): C:/Program Files/JetBrains/WebStorm 2025.1.4.1/plugins/vcs-git/lib/git4idea-rt.jar;C:/Program Files/JetBrains/WebStorm 2025.1.4.1/lib/externalProcess-rt.jar
Launcher Type: SUN_STANDARD

[Global flags]
     intx CICompilerCount                          = 12                                        {product} {ergonomic}
     uint ConcGCThreads                            = 4                                         {product} {ergonomic}
     uint G1ConcRefinementThreads                  = 15                                        {product} {ergonomic}
   size_t G1HeapRegionSize                         = 2097152                                   {product} {ergonomic}
    uintx GCDrainStackTargetSize                   = 64                                        {product} {ergonomic}
   size_t InitialHeapSize                          = 264241152                                 {product} {ergonomic}
   size_t MarkStackSize                            = 4194304                                   {product} {ergonomic}
   size_t MaxHeapSize                              = 4208984064                                {product} {ergonomic}
   size_t MinHeapDeltaBytes                        = 2097152                                   {product} {ergonomic}
   size_t MinHeapSize                              = 8388608                                   {product} {ergonomic}
    uintx NonNMethodCodeHeapSize                   = 7602480                                {pd product} {ergonomic}
    uintx NonProfiledCodeHeapSize                  = 122027880                              {pd product} {ergonomic}
    uintx ProfiledCodeHeapSize                     = 122027880                              {pd product} {ergonomic}
    uintx ReservedCodeCacheSize                    = 251658240                              {pd product} {ergonomic}
     bool SegmentedCodeCache                       = true                                      {product} {ergonomic}
   size_t SoftMaxHeapSize                          = 4208984064                             {manageable} {ergonomic}
     bool UseCompressedOops                        = true                           {product lp64_product} {ergonomic}
     bool UseG1GC                                  = true                                      {product} {ergonomic}
     bool UseLargePagesIndividualAllocation        = false                                  {pd product} {ergonomic}

Logging:
Log output configuration:
 #0: stdout all=warning uptime,level,tags foldmultilines=false
 #1: stderr all=off uptime,level,tags foldmultilines=false

Environment Variables:
PATH=C:\Program Files\Git\mingw64\libexec\git-core;C:\Program Files\Git\mingw64\libexec\git-core;C:\Program Files\Git\mingw64\bin;C:\Program Files\Git\usr\bin;C:\Users\spars\bin;C:\Python313\Scripts;C:\Python313;C:\Program Files (x86)\Common Files\Oracle\Java\javapath;C:\Windows\system32;C:\Windows;C:\Windows\System32\Wbem;C:\Windows\System32\WindowsPowerShell\v1.0;C:\Windows\System32\OpenSSH;C:\Program Files\dotnet;C:\Program Files (x86)\NVIDIA Corporation\PhysX\Common;C:\Program Files\NVIDIA Corporation\NVIDIA NvDLISR;C:\Program Files\Git\cmd;C:\WINDOWS\system32;C:\WINDOWS;C:\WINDOWS\System32\Wbem;C:\WINDOWS\System32\WindowsPowerShell\v1.0;C:\WINDOWS\System32\OpenSSH;C:\Program Files (x86)\NetSarang\Xlpd 7;C:\Program Files\Git LFS;C:\ProgramData\chocolatey\bin;C:\Program Files\nodejs;C:\Users\spars\AppData\Roaming\Python\Python313\Scripts;C:\Users\spars\Downloads\butler-windows-amd64;C:\Users\spars\AppData\Local\Programs\cursor\resources\app\bin;C:\Program Files\Cloudflare\Cloudflare WARP;%SystemRoot%\system32;%SystemRoot%;%SystemRoot%\System32\Wbem;%SYSTEMROOT%\System32\WindowsPowerShell\v1.0;%SYSTEMROOT%\System32\OpenSSH;C:\Users\spars\AppData\Local\Programs\Python\Python312\Scripts;C:\Users\spars\AppData\Local\Programs\Python\Python312;C:\Users\spars\AppData\Local\Microsoft\WindowsApps;C:\Users\spars\AppData\Local\GitHubDesktop\bin;C:\Users\spars\AppData\Local\Programs\Microsoft VS Code\bin;C:\Users\spars\AppData\Local\Programs\MiKTeX\miktex\bin\x64;C:\Users\spars\.dotnet\tools;C:\Users\spars\AppData\Local\Muse Hub\lib;C:\MinGW\bin;C:\Users\spars\Program Files\Java\jdk1.8.0_381\bin;C:\Users\spars\AppData\Roaming\npm;C:\Users\spars\AppData\Local\Pandoc
USERNAME=spars
DISPLAY=:0.0
LC_ALL=en_US.UTF-8
TERM=cygwin
TMPDIR=C:\Users\spars\AppData\Local\Temp
OS=Windows_NT
PROCESSOR_IDENTIFIER=Intel64 Family 6 Model 154 Stepping 3, GenuineIntel
TMP=C:\Users\spars\AppData\Local\Temp
TEMP=C:\Users\spars\AppData\Local\Temp




Periodic native trim disabled

JNI global refs:
JNI global refs: 0, weak refs: 0

JNI global refs memory usage: 0, weak refs: 0

Process memory usage:
Resident Set Size: 13296K (0% of 16440376K total physical memory with 991668K free physical memory)

OOME stack traces (most recent first):
Classloader memory used:

---------------  S Y S T E M  ---------------

OS:
 Windows 11 , 64 bit Build 26100 (10.0.26100.8521)
OS uptime: 0 days 22:10 hours
Hyper-V role detected

CPU: total 20 (initial active 20) (10 cores per cpu, 2 threads per core) family 6 model 154 stepping 3 microcode 0x43b, cx8, cmov, fxsr, ht, mmx, 3dnowpref, sse, sse2, sse3, ssse3, sse4.1, sse4.2, popcnt, lzcnt, tsc, tscinvbit, avx, avx2, aes, erms, clmul, bmi1, bmi2, adx, sha, fma, vzeroupper, clflush, clflushopt, clwb, hv, serialize, rdtscp, rdpid, fsrm, f16c, cet_ibt, cet_ss
Processor Information for processor 0
  Max Mhz: 2300, Current Mhz: 2300, Mhz Limit: 2300
Processor Information for processor 1
  Max Mhz: 2300, Current Mhz: 2300, Mhz Limit: 2300
Processor Information for processor 2
  Max Mhz: 2300, Current Mhz: 2300, Mhz Limit: 2300
Processor Information for processor 3
  Max Mhz: 2300, Current Mhz: 2300, Mhz Limit: 2300
Processor Information for processor 4
  Max Mhz: 2300, Current Mhz: 2300, Mhz Limit: 2300
Processor Information for processor 5
  Max Mhz: 2300, Current Mhz: 2300, Mhz Limit: 2300
Processor Information for processor 6
  Max Mhz: 2300, Current Mhz: 2300, Mhz Limit: 2300
Processor Information for processor 7
  Max Mhz: 2300, Current Mhz: 2300, Mhz Limit: 2300
Processor Information for processor 8
  Max Mhz: 2300, Current Mhz: 2300, Mhz Limit: 2300
Processor Information for processor 9
  Max Mhz: 2300, Current Mhz: 2300, Mhz Limit: 2300
Processor Information for processor 10
  Max Mhz: 2300, Current Mhz: 2300, Mhz Limit: 2300
Processor Information for processor 11
  Max Mhz: 2300, Current Mhz: 2300, Mhz Limit: 2300
Processor Information for processor 12
  Max Mhz: 2300, Current Mhz: 2300, Mhz Limit: 2300
Processor Information for processor 13
  Max Mhz: 2300, Current Mhz: 1488, Mhz Limit: 2300
Processor Information for processor 14
  Max Mhz: 2300, Current Mhz: 2300, Mhz Limit: 2300
Processor Information for processor 15
  Max Mhz: 2300, Current Mhz: 1488, Mhz Limit: 2300
Processor Information for processor 16
  Max Mhz: 2300, Current Mhz: 1488, Mhz Limit: 2300
Processor Information for processor 17
  Max Mhz: 2300, Current Mhz: 1488, Mhz Limit: 2300
Processor Information for processor 18
  Max Mhz: 2300, Current Mhz: 1488, Mhz Limit: 2300
Processor Information for processor 19
  Max Mhz: 2300, Current Mhz: 2300, Mhz Limit: 2300

Memory: 4k page, system-wide physical 16055M (968M free)
TotalPageFile size 34966M (AvailPageFile size 228M)
current process WorkingSet (physical memory assigned to process): 13M, peak: 13M
current process commit charge ("private bytes"): 75M, peak: 327M

vm_info: OpenJDK 64-Bit Server VM (21.0.7+9-b895.130) for windows-amd64 JRE (21.0.7+9-b895.130), built on 2025-05-13 by "builduser" with MS VC++ 16.10 / 16.11 (VS2019)

END.
